c:\users\russell\desktop\rit\programming for info. security\lab7code\sampledll\sampledll\x64\debug\sampledll.pch
c:\users\russell\desktop\rit\programming for info. security\lab7code\sampledll\sampledll\x64\debug\vc142.pdb
c:\users\russell\desktop\rit\programming for info. security\lab7code\sampledll\sampledll\x64\debug\vc142.idb
c:\users\russell\desktop\rit\programming for info. security\lab7code\sampledll\sampledll\x64\debug\stdafx.obj
c:\users\russell\desktop\rit\programming for info. security\lab7code\sampledll\sampledll\x64\debug\sampledll.obj
c:\users\russell\desktop\rit\programming for info. security\lab7code\sampledll\sampledll\x64\debug\dllmain.obj
c:\users\russell\desktop\rit\programming for info. security\lab7code\sampledll\x64\debug\sampledll.dll
c:\users\russell\desktop\rit\programming for info. security\lab7code\sampledll\x64\debug\sampledll.ilk
c:\users\russell\desktop\rit\programming for info. security\lab7code\sampledll\x64\debug\sampledll.pdb
c:\users\russell\desktop\rit\programming for info. security\lab7code\x64\debug\sampledll.lib
c:\users\russell\desktop\rit\programming for info. security\lab7code\x64\debug\sampledll.exp
c:\users\russell\desktop\rit\programming for info. security\lab7code\sampledll\x64\debug\sampledll.lib
c:\users\russell\desktop\rit\programming for info. security\lab7code\sampledll\x64\debug\sampledll.exp
c:\users\russell\desktop\rit\programming for info. security\lab7code\sampledll\sampledll\x64\debug\nativecodeanalysis.read.1.tlog
c:\users\russell\desktop\rit\programming for info. security\lab7code\sampledll\sampledll\x64\debug\sampledll.pchast
c:\users\russell\desktop\rit\programming for info. security\lab7code\sampledll\sampledll\x64\debug\dllmain.nativecodeanalysis.xml
c:\users\russell\desktop\rit\programming for info. security\lab7code\sampledll\sampledll\x64\debug\sampledll.nativecodeanalysis.xml
c:\users\russell\desktop\rit\programming for info. security\lab7code\sampledll\sampledll\x64\debug\stdafx.nativecodeanalysis.xml
c:\users\russell\desktop\rit\programming for info. security\lab7code\sampledll\sampledll\x64\debug\vc.nativecodeanalysis.all.xml
c:\users\russell\desktop\rit\programming for info. security\lab7code\sampledll\sampledll\x64\debug\sampledll.tlog\cl.command.1.tlog
c:\users\russell\desktop\rit\programming for info. security\lab7code\sampledll\sampledll\x64\debug\sampledll.tlog\cl.read.1.tlog
c:\users\russell\desktop\rit\programming for info. security\lab7code\sampledll\sampledll\x64\debug\sampledll.tlog\cl.write.1.tlog
c:\users\russell\desktop\rit\programming for info. security\lab7code\sampledll\sampledll\x64\debug\sampledll.tlog\link.command.1.tlog
c:\users\russell\desktop\rit\programming for info. security\lab7code\sampledll\sampledll\x64\debug\sampledll.tlog\link.read.1.tlog
c:\users\russell\desktop\rit\programming for info. security\lab7code\sampledll\sampledll\x64\debug\sampledll.tlog\link.write.1.tlog
c:\users\russell\desktop\rit\programming for info. security\lab7code\sampledll\sampledll\x64\debug\sampledll.tlog\sampledll.write.1u.tlog
