c:\users\rob\documents\dlldemo\sampledll\sampledll\debug\sampledll.pch
c:\users\rob\documents\dlldemo\sampledll\sampledll\debug\vc142.pdb
c:\users\rob\documents\dlldemo\sampledll\sampledll\debug\vc142.idb
c:\users\rob\documents\dlldemo\sampledll\sampledll\debug\stdafx.obj
c:\users\rob\documents\dlldemo\sampledll\sampledll\debug\sampledll.obj
c:\users\rob\documents\dlldemo\sampledll\sampledll\debug\dllmain.obj
c:\users\russell\desktop\rit\programming for info. security\lab7code\sampledll\sampledll\debug\sampledll.pch
c:\users\russell\desktop\rit\programming for info. security\lab7code\sampledll\sampledll\debug\vc142.pdb
c:\users\russell\desktop\rit\programming for info. security\lab7code\sampledll\sampledll\debug\vc142.idb
c:\users\russell\desktop\rit\programming for info. security\lab7code\sampledll\sampledll\debug\stdafx.obj
c:\users\russell\desktop\rit\programming for info. security\lab7code\sampledll\sampledll\debug\sampledll.obj
c:\users\russell\desktop\rit\programming for info. security\lab7code\sampledll\sampledll\debug\dllmain.obj
c:\users\rob\documents\dlldemo\sampledll\debug\sampledll.ilk
c:\users\rob\documents\dlldemo\sampledll\debug\sampledll.dll
c:\users\rob\documents\dlldemo\sampledll\debug\sampledll.pdb
c:\users\rob\documents\dlldemo\sampledll\debug\sampledll.lib
c:\users\rob\documents\dlldemo\sampledll\debug\sampledll.exp
c:\users\russell\desktop\rit\programming for info. security\lab7code\sampledll\debug\sampledll.lib
c:\users\russell\desktop\rit\programming for info. security\lab7code\sampledll\debug\sampledll.exp
c:\users\russell\desktop\rit\programming for info. security\lab7code\sampledll\debug\sampledll.pdb
c:\users\russell\desktop\rit\programming for info. security\lab7code\sampledll\debug\sampledll.dll
c:\users\russell\desktop\rit\programming for info. security\lab7code\sampledll\debug\sampledll.ilk
c:\users\russell\desktop\rit\programming for info. security\lab7code\sampledll\sampledll\debug\sampledll.tlog\cl.command.1.tlog
c:\users\russell\desktop\rit\programming for info. security\lab7code\sampledll\sampledll\debug\sampledll.tlog\cl.read.1.tlog
c:\users\russell\desktop\rit\programming for info. security\lab7code\sampledll\sampledll\debug\sampledll.tlog\cl.write.1.tlog
c:\users\russell\desktop\rit\programming for info. security\lab7code\sampledll\sampledll\debug\sampledll.tlog\link.20804.delete.1.tlog
c:\users\russell\desktop\rit\programming for info. security\lab7code\sampledll\sampledll\debug\sampledll.tlog\link.command.1.tlog
c:\users\russell\desktop\rit\programming for info. security\lab7code\sampledll\sampledll\debug\sampledll.tlog\link.read.1.tlog
c:\users\russell\desktop\rit\programming for info. security\lab7code\sampledll\sampledll\debug\sampledll.tlog\link.write.1.tlog
c:\users\russell\desktop\rit\programming for info. security\lab7code\sampledll\sampledll\debug\sampledll.tlog\sampledll.write.1u.tlog
